<?xml version="1.0" encoding="UTF-8"?>
<!-- Generated by org.testng.reporters.JUnitXMLReporter -->
<testsuite hostname="PTL-PC" name="Default test" tests="2" failures="0" timestamp="20 Jan 2015 06:35:26 GMT" time="10.456" errors="0">
  <testcase name="ResetButton" time="10.03" classname="com.ptl.testcases.resetbuttontest"/>
  <testcase name="ResetButton" time="0.0" classname="com.ptl.testcases.resetbuttontest">
    <skipped/>
  </testcase> <!-- ResetButton -->
</testsuite> <!-- Default test -->
