<?xml version="1.0" encoding="UTF-8"?>
<!-- Generated by org.testng.reporters.JUnitXMLReporter -->
<testsuite hostname="GMAX-PC" name="Default test" tests="2" failures="0" timestamp="20 Jan 2015 10:37:42 GMT" time="22.949" errors="0">
  <testcase name="MandatoryFieldTest" time="14.666" classname="com.ptl.testcases.RegisterNewExporterMandatoryFieldTest"/>
  <testcase name="MandatoryFieldTest" time="8.251" classname="com.ptl.testcases.RegisterNewExporterMandatoryFieldTest"/>
</testsuite> <!-- Default test -->
